<?xml version="1.0" encoding="UTF-8"?>
<testng-results skipped="0" failed="0" ignored="0" total="2" passed="2">
  <reporter-output>
  </reporter-output>
  <suite name="nopCommerce" duration-ms="149179" started-at="2020-04-05T14:31:09Z" finished-at="2020-04-05T14:33:38Z">
    <groups>
    </groups>
    <test name="Test1" duration-ms="149179" started-at="2020-04-05T14:31:09Z" finished-at="2020-04-05T14:33:38Z">
      <class name="com.nopcommerce.testCases.TC_LoginTest_001">
        <test-method status="PASS" signature="setup(java.lang.String)[pri:0, instance:com.nopcommerce.testCases.TC_LoginTest_001@1690630]" name="setup" is-config="true" duration-ms="25639" started-at="2020-04-05T14:31:09Z" finished-at="2020-04-05T14:31:35Z">
          <params>
            <param index="0">
              <value>
                <![CDATA[chrome]]>
              </value>
            </param>
          </params>
          <reporter-output>
          </reporter-output>
        </test-method> <!-- setup -->
        <test-method status="PASS" signature="loginTest()[pri:0, instance:com.nopcommerce.testCases.TC_LoginTest_001@1690630]" name="loginTest" duration-ms="60049" started-at="2020-04-05T14:31:35Z" finished-at="2020-04-05T14:32:35Z">
          <reporter-output>
          </reporter-output>
        </test-method> <!-- loginTest -->
        <test-method status="PASS" signature="tearDown()[pri:0, instance:com.nopcommerce.testCases.TC_LoginTest_001@1690630]" name="tearDown" is-config="true" duration-ms="1437" started-at="2020-04-05T14:32:35Z" finished-at="2020-04-05T14:32:37Z">
          <reporter-output>
          </reporter-output>
        </test-method> <!-- tearDown -->
      </class> <!-- com.nopcommerce.testCases.TC_LoginTest_001 -->
      <class name="com.nopcommerce.testCases.TC_AddCustomerTest_003">
        <test-method status="PASS" signature="setup(java.lang.String)[pri:0, instance:com.nopcommerce.testCases.TC_AddCustomerTest_003@df4efb]" name="setup" is-config="true" duration-ms="17519" started-at="2020-04-05T14:32:37Z" finished-at="2020-04-05T14:32:54Z">
          <params>
            <param index="0">
              <value>
                <![CDATA[chrome]]>
              </value>
            </param>
          </params>
          <reporter-output>
          </reporter-output>
        </test-method> <!-- setup -->
        <test-method status="PASS" signature="addNewCustomer()[pri:0, instance:com.nopcommerce.testCases.TC_AddCustomerTest_003@df4efb]" name="addNewCustomer" duration-ms="42665" started-at="2020-04-05T14:32:54Z" finished-at="2020-04-05T14:33:37Z">
          <reporter-output>
          </reporter-output>
        </test-method> <!-- addNewCustomer -->
        <test-method status="PASS" signature="tearDown()[pri:0, instance:com.nopcommerce.testCases.TC_AddCustomerTest_003@df4efb]" name="tearDown" is-config="true" duration-ms="1175" started-at="2020-04-05T14:33:37Z" finished-at="2020-04-05T14:33:38Z">
          <reporter-output>
          </reporter-output>
        </test-method> <!-- tearDown -->
      </class> <!-- com.nopcommerce.testCases.TC_AddCustomerTest_003 -->
    </test> <!-- Test1 -->
  </suite> <!-- nopCommerce -->
</testng-results>
